[0.021s] Invoking command in '/src/mocap_ws/build/mocap4r2_control': AMENT_PREFIX_PATH=/src/mocap_ws/install/mocap4r2_control_msgs:${AMENT_PREFIX_PATH} CMAKE_PREFIX_PATH=/src/mocap_ws/install/mocap4r2_control_msgs:/opt/ros/jazzy/opt/gz_sim_vendor:/opt/ros/jazzy/opt/gz_sensors_vendor:/opt/ros/jazzy/opt/gz_physics_vendor:/opt/ros/jazzy/opt/sdformat_vendor:/opt/ros/jazzy/opt/gz_gui_vendor:/opt/ros/jazzy/opt/gz_transport_vendor:/opt/ros/jazzy/opt/gz_rendering_vendor:/opt/ros/jazzy/opt/gz_plugin_vendor:/opt/ros/jazzy/opt/gz_fuel_tools_vendor:/opt/ros/jazzy/opt/gz_msgs_vendor:/opt/ros/jazzy/opt/gz_common_vendor:/opt/ros/jazzy/opt/gz_math_vendor:/opt/ros/jazzy/opt/gz_utils_vendor:/opt/ros/jazzy/opt/gz_tools_vendor:/opt/ros/jazzy/opt/gz_ogre_next_vendor:/opt/ros/jazzy/opt/gz_dartsim_vendor:/opt/ros/jazzy/opt/gz_cmake_vendor:/opt/ros/jazzy LD_LIBRARY_PATH=/src/mocap_ws/install/mocap4r2_control_msgs/lib:${LD_LIBRARY_PATH} PYTHONPATH=/src/mocap_ws/install/mocap4r2_control_msgs/lib/python3.12/site-packages:${PYTHONPATH} /usr/bin/cmake /src/mocap_ws/src/mocap4r2/mocap4r2_control/mocap4r2_control -DCMAKE_INSTALL_PREFIX=/src/mocap_ws/install/mocap4r2_control
[0.149s] -- The C compiler identification is GNU 13.3.0
[0.246s] -- The CXX compiler identification is GNU 13.3.0
[0.281s] -- Detecting C compiler ABI info
[0.426s] -- Detecting C compiler ABI info - done
[0.444s] -- Check for working C compiler: /usr/bin/cc - skipped
[0.445s] -- Detecting C compile features
[0.445s] -- Detecting C compile features - done
[0.464s] -- Detecting CXX compiler ABI info
[0.664s] -- Detecting CXX compiler ABI info - done
[0.682s] -- Check for working CXX compiler: /usr/bin/c++ - skipped
[0.682s] -- Detecting CXX compile features
[0.683s] -- Detecting CXX compile features - done
[0.694s] -- Found ament_cmake: 2.5.4 (/opt/ros/jazzy/share/ament_cmake/cmake)
[1.006s] -- Found Python3: /usr/bin/python3 (found version "3.12.3") found components: Interpreter 
[1.236s] -- Found rclcpp: 28.1.12 (/opt/ros/jazzy/share/rclcpp/cmake)
[1.353s] -- Found rosidl_generator_c: 4.6.6 (/opt/ros/jazzy/share/rosidl_generator_c/cmake)
[1.395s] -- Found rosidl_generator_cpp: 4.6.6 (/opt/ros/jazzy/share/rosidl_generator_cpp/cmake)
[1.440s] -- Using all available rosidl_typesupport_c: rosidl_typesupport_fastrtps_c;rosidl_typesupport_introspection_c
[1.490s] -- Using all available rosidl_typesupport_cpp: rosidl_typesupport_fastrtps_cpp;rosidl_typesupport_introspection_cpp
[1.696s] -- Found rmw_implementation_cmake: 7.3.2 (/opt/ros/jazzy/share/rmw_implementation_cmake/cmake)
[1.707s] -- Found rmw_fastrtps_cpp: 8.4.3 (/opt/ros/jazzy/share/rmw_fastrtps_cpp/cmake)
[1.939s] -- Found OpenSSL: /usr/lib/x86_64-linux-gnu/libcrypto.so (found version "3.0.13")  
[1.968s] -- Found FastRTPS: /opt/ros/jazzy/include (Required is at least version "2.13") 
[2.017s] -- Using RMW implementation 'rmw_fastrtps_cpp' as default
[2.148s] -- Found rclcpp_lifecycle: 28.1.12 (/opt/ros/jazzy/share/rclcpp_lifecycle/cmake)
[2.200s] -- Found mocap4r2_control_msgs: 0.0.7 (/src/mocap_ws/install/mocap4r2_control_msgs/share/mocap4r2_control_msgs/cmake)
[2.297s] -- Found ament_lint_auto: 0.17.3 (/opt/ros/jazzy/share/ament_lint_auto/cmake)
[2.505s] -- Found gtest sources under '/opt/ros/jazzy/src/gtest_vendor': C++ tests using 'Google Test' will be built
[2.507s] -- Performing Test CMAKE_HAVE_LIBC_PTHREAD
[2.671s] -- Performing Test CMAKE_HAVE_LIBC_PTHREAD - Success
[2.673s] -- Found Threads: TRUE  
[2.689s] -- Added test 'copyright' to check source files copyright and LICENSE
[2.693s] -- Added test 'cppcheck' to perform static code analysis on C / C++ code
[2.693s] -- Configured cppcheck include dirs: /src/mocap_ws/src/mocap4r2/mocap4r2_control/mocap4r2_control/include
[2.693s] -- Configured cppcheck exclude dirs and/or files: 
[2.696s] -- Added test 'cpplint' to check C / C++ code against the Google style
[2.696s] -- Configured cpplint exclude dirs and/or files: 
[2.698s] -- Added test 'flake8' to check Python code syntax and style conventions
[2.698s] -- Configured 'flake8' exclude dirs and/or files: 
[2.699s] -- Added test 'lint_cmake' to check CMake code style
[2.701s] -- Added test 'pep257' to check Python code against some of the docstring style conventions in PEP 257
[2.704s] -- Added test 'uncrustify' to check C / C++ code style
[2.704s] -- Configured uncrustify additional arguments: 
[2.706s] -- Added test 'xmllint' to check XML markup files
[2.710s] -- Configuring done (2.7s)
[2.755s] -- Generating done (0.0s)
[2.768s] -- Build files have been written to: /src/mocap_ws/build/mocap4r2_control
[2.783s] Invoked command in '/src/mocap_ws/build/mocap4r2_control' returned '0': AMENT_PREFIX_PATH=/src/mocap_ws/install/mocap4r2_control_msgs:${AMENT_PREFIX_PATH} CMAKE_PREFIX_PATH=/src/mocap_ws/install/mocap4r2_control_msgs:/opt/ros/jazzy/opt/gz_sim_vendor:/opt/ros/jazzy/opt/gz_sensors_vendor:/opt/ros/jazzy/opt/gz_physics_vendor:/opt/ros/jazzy/opt/sdformat_vendor:/opt/ros/jazzy/opt/gz_gui_vendor:/opt/ros/jazzy/opt/gz_transport_vendor:/opt/ros/jazzy/opt/gz_rendering_vendor:/opt/ros/jazzy/opt/gz_plugin_vendor:/opt/ros/jazzy/opt/gz_fuel_tools_vendor:/opt/ros/jazzy/opt/gz_msgs_vendor:/opt/ros/jazzy/opt/gz_common_vendor:/opt/ros/jazzy/opt/gz_math_vendor:/opt/ros/jazzy/opt/gz_utils_vendor:/opt/ros/jazzy/opt/gz_tools_vendor:/opt/ros/jazzy/opt/gz_ogre_next_vendor:/opt/ros/jazzy/opt/gz_dartsim_vendor:/opt/ros/jazzy/opt/gz_cmake_vendor:/opt/ros/jazzy LD_LIBRARY_PATH=/src/mocap_ws/install/mocap4r2_control_msgs/lib:${LD_LIBRARY_PATH} PYTHONPATH=/src/mocap_ws/install/mocap4r2_control_msgs/lib/python3.12/site-packages:${PYTHONPATH} /usr/bin/cmake /src/mocap_ws/src/mocap4r2/mocap4r2_control/mocap4r2_control -DCMAKE_INSTALL_PREFIX=/src/mocap_ws/install/mocap4r2_control
[2.786s] Invoking command in '/src/mocap_ws/build/mocap4r2_control': AMENT_PREFIX_PATH=/src/mocap_ws/install/mocap4r2_control_msgs:${AMENT_PREFIX_PATH} CMAKE_PREFIX_PATH=/src/mocap_ws/install/mocap4r2_control_msgs:/opt/ros/jazzy/opt/gz_sim_vendor:/opt/ros/jazzy/opt/gz_sensors_vendor:/opt/ros/jazzy/opt/gz_physics_vendor:/opt/ros/jazzy/opt/sdformat_vendor:/opt/ros/jazzy/opt/gz_gui_vendor:/opt/ros/jazzy/opt/gz_transport_vendor:/opt/ros/jazzy/opt/gz_rendering_vendor:/opt/ros/jazzy/opt/gz_plugin_vendor:/opt/ros/jazzy/opt/gz_fuel_tools_vendor:/opt/ros/jazzy/opt/gz_msgs_vendor:/opt/ros/jazzy/opt/gz_common_vendor:/opt/ros/jazzy/opt/gz_math_vendor:/opt/ros/jazzy/opt/gz_utils_vendor:/opt/ros/jazzy/opt/gz_tools_vendor:/opt/ros/jazzy/opt/gz_ogre_next_vendor:/opt/ros/jazzy/opt/gz_dartsim_vendor:/opt/ros/jazzy/opt/gz_cmake_vendor:/opt/ros/jazzy LD_LIBRARY_PATH=/src/mocap_ws/install/mocap4r2_control_msgs/lib:${LD_LIBRARY_PATH} PYTHONPATH=/src/mocap_ws/install/mocap4r2_control_msgs/lib/python3.12/site-packages:${PYTHONPATH} /usr/bin/cmake --build /src/mocap_ws/build/mocap4r2_control -- -j40 -l40
[2.916s] [  7%] [32mBuilding CXX object gtest/CMakeFiles/gtest_main.dir/src/gtest_main.cc.o[0m
[2.917s] [ 14%] [32mBuilding CXX object CMakeFiles/mocap4r2_control.dir/src/mocap4r2_control/ControllerNode.cpp.o[0m
[2.919s] [ 21%] [32mBuilding CXX object CMakeFiles/mocap4r2_control.dir/src/mocap4r2_control/ControlledLifecycleNode.cpp.o[0m
[2.919s] [ 28%] [32mBuilding CXX object gtest/CMakeFiles/gtest.dir/src/gtest-all.cc.o[0m
[2.929s] [ 35%] [32mBuilding CXX object CMakeFiles/mocap4r2_control.dir/src/mocap4r2_control/AuxiliarNode.cpp.o[0m
[3.948s] [ 42%] [32m[1mLinking CXX static library libgtest_main.a[0m
[4.026s] [ 42%] Built target gtest_main
[7.506s] [ 50%] [32m[1mLinking CXX static library libgtest.a[0m
[7.614s] [ 50%] Built target gtest
[14.228s] [ 57%] [32m[1mLinking CXX shared library libmocap4r2_control.so[0m
[14.671s] [ 57%] Built target mocap4r2_control
[14.699s] [ 64%] [32mBuilding CXX object test/CMakeFiles/test_auxiliar.dir/test_auxiliar.cpp.o[0m
[14.709s] [ 71%] [32mBuilding CXX object test/CMakeFiles/test_control.dir/test_control.cpp.o[0m
[14.711s] [ 78%] [32mBuilding CXX object CMakeFiles/auxiliar_main.dir/src/auxiliar_main.cpp.o[0m
[19.575s] [ 85%] [32m[1mLinking CXX executable auxiliar_main[0m
[19.860s] [ 85%] Built target auxiliar_main
[25.588s] [ 92%] [32m[1mLinking CXX executable test_auxiliar[0m
[26.115s] [ 92%] Built target test_auxiliar
[27.688s] [100%] [32m[1mLinking CXX executable test_control[0m
[28.393s] [100%] Built target test_control
[28.421s] Invoked command in '/src/mocap_ws/build/mocap4r2_control' returned '0': AMENT_PREFIX_PATH=/src/mocap_ws/install/mocap4r2_control_msgs:${AMENT_PREFIX_PATH} CMAKE_PREFIX_PATH=/src/mocap_ws/install/mocap4r2_control_msgs:/opt/ros/jazzy/opt/gz_sim_vendor:/opt/ros/jazzy/opt/gz_sensors_vendor:/opt/ros/jazzy/opt/gz_physics_vendor:/opt/ros/jazzy/opt/sdformat_vendor:/opt/ros/jazzy/opt/gz_gui_vendor:/opt/ros/jazzy/opt/gz_transport_vendor:/opt/ros/jazzy/opt/gz_rendering_vendor:/opt/ros/jazzy/opt/gz_plugin_vendor:/opt/ros/jazzy/opt/gz_fuel_tools_vendor:/opt/ros/jazzy/opt/gz_msgs_vendor:/opt/ros/jazzy/opt/gz_common_vendor:/opt/ros/jazzy/opt/gz_math_vendor:/opt/ros/jazzy/opt/gz_utils_vendor:/opt/ros/jazzy/opt/gz_tools_vendor:/opt/ros/jazzy/opt/gz_ogre_next_vendor:/opt/ros/jazzy/opt/gz_dartsim_vendor:/opt/ros/jazzy/opt/gz_cmake_vendor:/opt/ros/jazzy LD_LIBRARY_PATH=/src/mocap_ws/install/mocap4r2_control_msgs/lib:${LD_LIBRARY_PATH} PYTHONPATH=/src/mocap_ws/install/mocap4r2_control_msgs/lib/python3.12/site-packages:${PYTHONPATH} /usr/bin/cmake --build /src/mocap_ws/build/mocap4r2_control -- -j40 -l40
[28.426s] Invoking command in '/src/mocap_ws/build/mocap4r2_control': AMENT_PREFIX_PATH=/src/mocap_ws/install/mocap4r2_control_msgs:${AMENT_PREFIX_PATH} CMAKE_PREFIX_PATH=/src/mocap_ws/install/mocap4r2_control_msgs:/opt/ros/jazzy/opt/gz_sim_vendor:/opt/ros/jazzy/opt/gz_sensors_vendor:/opt/ros/jazzy/opt/gz_physics_vendor:/opt/ros/jazzy/opt/sdformat_vendor:/opt/ros/jazzy/opt/gz_gui_vendor:/opt/ros/jazzy/opt/gz_transport_vendor:/opt/ros/jazzy/opt/gz_rendering_vendor:/opt/ros/jazzy/opt/gz_plugin_vendor:/opt/ros/jazzy/opt/gz_fuel_tools_vendor:/opt/ros/jazzy/opt/gz_msgs_vendor:/opt/ros/jazzy/opt/gz_common_vendor:/opt/ros/jazzy/opt/gz_math_vendor:/opt/ros/jazzy/opt/gz_utils_vendor:/opt/ros/jazzy/opt/gz_tools_vendor:/opt/ros/jazzy/opt/gz_ogre_next_vendor:/opt/ros/jazzy/opt/gz_dartsim_vendor:/opt/ros/jazzy/opt/gz_cmake_vendor:/opt/ros/jazzy LD_LIBRARY_PATH=/src/mocap_ws/install/mocap4r2_control_msgs/lib:${LD_LIBRARY_PATH} PYTHONPATH=/src/mocap_ws/install/mocap4r2_control_msgs/lib/python3.12/site-packages:${PYTHONPATH} /usr/bin/cmake --install /src/mocap_ws/build/mocap4r2_control
[28.448s] -- Install configuration: ""
[28.449s] -- Installing: /src/mocap_ws/install/mocap4r2_control/include/
[28.449s] -- Installing: /src/mocap_ws/install/mocap4r2_control/include//mocap4r2_control
[28.450s] -- Installing: /src/mocap_ws/install/mocap4r2_control/include//mocap4r2_control/ControlledLifecycleNode.hpp
[28.450s] -- Installing: /src/mocap_ws/install/mocap4r2_control/include//mocap4r2_control/AuxiliarNode.hpp
[28.450s] -- Installing: /src/mocap_ws/install/mocap4r2_control/include//mocap4r2_control/ControllerNode.hpp
[28.450s] -- Installing: /src/mocap_ws/install/mocap4r2_control/share/mocap4r2_control/config
[28.451s] -- Installing: /src/mocap_ws/install/mocap4r2_control/share/mocap4r2_control/config/config_example.yaml
[28.451s] -- Installing: /src/mocap_ws/install/mocap4r2_control/share/mocap4r2_control/launch
[28.451s] -- Installing: /src/mocap_ws/install/mocap4r2_control/share/mocap4r2_control/launch/auxiliar.launch.py
[28.451s] -- Installing: /src/mocap_ws/install/mocap4r2_control/lib/libmocap4r2_control.so
[28.459s] -- Set non-toolchain portion of runtime path of "/src/mocap_ws/install/mocap4r2_control/lib/libmocap4r2_control.so" to ""
[28.459s] -- Installing: /src/mocap_ws/install/mocap4r2_control/lib/mocap4r2_control/auxiliar_main
[28.460s] -- Set non-toolchain portion of runtime path of "/src/mocap_ws/install/mocap4r2_control/lib/mocap4r2_control/auxiliar_main" to ""
[28.460s] -- Installing: /src/mocap_ws/install/mocap4r2_control/share/mocap4r2_control/environment/library_path.sh
[28.461s] -- Installing: /src/mocap_ws/install/mocap4r2_control/share/mocap4r2_control/environment/library_path.dsv
[28.462s] -- Installing: /src/mocap_ws/install/mocap4r2_control/share/ament_index/resource_index/package_run_dependencies/mocap4r2_control
[28.462s] -- Installing: /src/mocap_ws/install/mocap4r2_control/share/ament_index/resource_index/parent_prefix_path/mocap4r2_control
[28.462s] -- Installing: /src/mocap_ws/install/mocap4r2_control/share/mocap4r2_control/environment/ament_prefix_path.sh
[28.463s] -- Installing: /src/mocap_ws/install/mocap4r2_control/share/mocap4r2_control/environment/ament_prefix_path.dsv
[28.463s] -- Installing: /src/mocap_ws/install/mocap4r2_control/share/mocap4r2_control/environment/path.sh
[28.463s] -- Installing: /src/mocap_ws/install/mocap4r2_control/share/mocap4r2_control/environment/path.dsv
[28.464s] -- Installing: /src/mocap_ws/install/mocap4r2_control/share/mocap4r2_control/local_setup.bash
[28.464s] -- Installing: /src/mocap_ws/install/mocap4r2_control/share/mocap4r2_control/local_setup.sh
[28.464s] -- Installing: /src/mocap_ws/install/mocap4r2_control/share/mocap4r2_control/local_setup.zsh
[28.465s] -- Installing: /src/mocap_ws/install/mocap4r2_control/share/mocap4r2_control/local_setup.dsv
[28.466s] -- Installing: /src/mocap_ws/install/mocap4r2_control/share/mocap4r2_control/package.dsv
[28.467s] -- Installing: /src/mocap_ws/install/mocap4r2_control/share/ament_index/resource_index/packages/mocap4r2_control
[28.467s] -- Installing: /src/mocap_ws/install/mocap4r2_control/share/mocap4r2_control/cmake/ament_cmake_export_include_directories-extras.cmake
[28.467s] -- Installing: /src/mocap_ws/install/mocap4r2_control/share/mocap4r2_control/cmake/ament_cmake_export_libraries-extras.cmake
[28.468s] -- Installing: /src/mocap_ws/install/mocap4r2_control/share/mocap4r2_control/cmake/ament_cmake_export_dependencies-extras.cmake
[28.468s] -- Installing: /src/mocap_ws/install/mocap4r2_control/share/mocap4r2_control/cmake/mocap4r2_controlConfig.cmake
[28.469s] -- Installing: /src/mocap_ws/install/mocap4r2_control/share/mocap4r2_control/cmake/mocap4r2_controlConfig-version.cmake
[28.470s] -- Installing: /src/mocap_ws/install/mocap4r2_control/share/mocap4r2_control/package.xml
[28.470s] Invoked command in '/src/mocap_ws/build/mocap4r2_control' returned '0': AMENT_PREFIX_PATH=/src/mocap_ws/install/mocap4r2_control_msgs:${AMENT_PREFIX_PATH} CMAKE_PREFIX_PATH=/src/mocap_ws/install/mocap4r2_control_msgs:/opt/ros/jazzy/opt/gz_sim_vendor:/opt/ros/jazzy/opt/gz_sensors_vendor:/opt/ros/jazzy/opt/gz_physics_vendor:/opt/ros/jazzy/opt/sdformat_vendor:/opt/ros/jazzy/opt/gz_gui_vendor:/opt/ros/jazzy/opt/gz_transport_vendor:/opt/ros/jazzy/opt/gz_rendering_vendor:/opt/ros/jazzy/opt/gz_plugin_vendor:/opt/ros/jazzy/opt/gz_fuel_tools_vendor:/opt/ros/jazzy/opt/gz_msgs_vendor:/opt/ros/jazzy/opt/gz_common_vendor:/opt/ros/jazzy/opt/gz_math_vendor:/opt/ros/jazzy/opt/gz_utils_vendor:/opt/ros/jazzy/opt/gz_tools_vendor:/opt/ros/jazzy/opt/gz_ogre_next_vendor:/opt/ros/jazzy/opt/gz_dartsim_vendor:/opt/ros/jazzy/opt/gz_cmake_vendor:/opt/ros/jazzy LD_LIBRARY_PATH=/src/mocap_ws/install/mocap4r2_control_msgs/lib:${LD_LIBRARY_PATH} PYTHONPATH=/src/mocap_ws/install/mocap4r2_control_msgs/lib/python3.12/site-packages:${PYTHONPATH} /usr/bin/cmake --install /src/mocap_ws/build/mocap4r2_control
