-- The C compiler identification is GNU 13.3.0
-- The CXX compiler identification is GNU 13.3.0
-- Detecting C compiler ABI info
-- Detecting C compiler ABI info - done
-- Check for working C compiler: /usr/bin/cc - skipped
-- Detecting C compile features
-- Detecting C compile features - done
-- Detecting CXX compiler ABI info
-- Detecting CXX compiler ABI info - done
-- Check for working CXX compiler: /usr/bin/c++ - skipped
-- Detecting CXX compile features
-- Detecting CXX compile features - done
-- Found ament_cmake: 2.5.4 (/opt/ros/jazzy/share/ament_cmake/cmake)
-- Found Python3: /usr/bin/python3 (found version "3.12.3") found components: Interpreter 
-- Found rclcpp: 28.1.12 (/opt/ros/jazzy/share/rclcpp/cmake)
-- Found rosidl_generator_c: 4.6.6 (/opt/ros/jazzy/share/rosidl_generator_c/cmake)
-- Found rosidl_generator_cpp: 4.6.6 (/opt/ros/jazzy/share/rosidl_generator_cpp/cmake)
-- Using all available rosidl_typesupport_c: rosidl_typesupport_fastrtps_c;rosidl_typesupport_introspection_c
-- Using all available rosidl_typesupport_cpp: rosidl_typesupport_fastrtps_cpp;rosidl_typesupport_introspection_cpp
-- Found rmw_implementation_cmake: 7.3.2 (/opt/ros/jazzy/share/rmw_implementation_cmake/cmake)
-- Found rmw_fastrtps_cpp: 8.4.3 (/opt/ros/jazzy/share/rmw_fastrtps_cpp/cmake)
-- Found OpenSSL: /usr/lib/x86_64-linux-gnu/libcrypto.so (found version "3.0.13")  
-- Found FastRTPS: /opt/ros/jazzy/include (Required is at least version "2.13") 
-- Using RMW implementation 'rmw_fastrtps_cpp' as default
-- Found mocap4r2_marker_viz_srvs: 0.0.7 (/src/mocap_ws/install/mocap4r2_marker_viz_srvs/share/mocap4r2_marker_viz_srvs/cmake)
-- Found mocap4r2_msgs: 0.0.3 (/src/mocap_ws/install/mocap4r2_msgs/share/mocap4r2_msgs/cmake)
-- Found visualization_msgs: 5.3.6 (/opt/ros/jazzy/share/visualization_msgs/cmake)
-- Found ament_lint_auto: 0.17.3 (/opt/ros/jazzy/share/ament_lint_auto/cmake)
-- Added test 'cppcheck' to perform static code analysis on C / C++ code
-- Configured cppcheck include dirs: $<BUILD_INTERFACE:/src/mocap_ws/src/mocap4r2/mocap4r2_marker_viz/mocap4r2_marker_viz/include>
-- Configured cppcheck exclude dirs and/or files: 
-- Added test 'cpplint' to check C / C++ code against the Google style
-- Configured cpplint exclude dirs and/or files: 
-- Added test 'flake8' to check Python code syntax and style conventions
-- Configured 'flake8' exclude dirs and/or files: 
-- Added test 'lint_cmake' to check CMake code style
-- Added test 'pep257' to check Python code against some of the docstring style conventions in PEP 257
-- Added test 'uncrustify' to check C / C++ code style
-- Configured uncrustify additional arguments: 
-- Added test 'xmllint' to check XML markup files
-- Configuring done (2.6s)
-- Generating done (0.0s)
-- Build files have been written to: /src/mocap_ws/build/mocap4r2_marker_viz
[ 25%] [32mBuilding CXX object CMakeFiles/mocap4r2_marker_viz_NODE.dir/src/mocap4r2_marker_viz_node.cpp.o[0m
[ 50%] [32m[1mLinking CXX static library libmocap4r2_marker_viz_NODE.a[0m
[ 50%] Built target mocap4r2_marker_viz_NODE
[ 75%] [32mBuilding CXX object CMakeFiles/mocap4r2_marker_viz.dir/src/mocap4r2_marker_viz_main.cpp.o[0m
[100%] [32m[1mLinking CXX executable mocap4r2_marker_viz[0m
[100%] Built target mocap4r2_marker_viz
-- Install configuration: ""
-- Installing: /src/mocap_ws/install/mocap4r2_marker_viz/lib/libmocap4r2_marker_viz_NODE.a
-- Installing: /src/mocap_ws/install/mocap4r2_marker_viz/lib/mocap4r2_marker_viz/mocap4r2_marker_viz
-- Set non-toolchain portion of runtime path of "/src/mocap_ws/install/mocap4r2_marker_viz/lib/mocap4r2_marker_viz/mocap4r2_marker_viz" to ""
-- Installing: /src/mocap_ws/install/mocap4r2_marker_viz/share/mocap4r2_marker_viz/launch
-- Installing: /src/mocap_ws/install/mocap4r2_marker_viz/share/mocap4r2_marker_viz/launch/mocap4r2_marker_viz.launch.py
-- Installing: /src/mocap_ws/install/mocap4r2_marker_viz/share/mocap4r2_marker_viz/rviz
-- Installing: /src/mocap_ws/install/mocap4r2_marker_viz/share/mocap4r2_marker_viz/rviz/config.rviz
-- Installing: /src/mocap_ws/install/mocap4r2_marker_viz/share/ament_index/resource_index/package_run_dependencies/mocap4r2_marker_viz
-- Installing: /src/mocap_ws/install/mocap4r2_marker_viz/share/ament_index/resource_index/parent_prefix_path/mocap4r2_marker_viz
-- Installing: /src/mocap_ws/install/mocap4r2_marker_viz/share/mocap4r2_marker_viz/environment/ament_prefix_path.sh
-- Installing: /src/mocap_ws/install/mocap4r2_marker_viz/share/mocap4r2_marker_viz/environment/ament_prefix_path.dsv
-- Installing: /src/mocap_ws/install/mocap4r2_marker_viz/share/mocap4r2_marker_viz/environment/path.sh
-- Installing: /src/mocap_ws/install/mocap4r2_marker_viz/share/mocap4r2_marker_viz/environment/path.dsv
-- Installing: /src/mocap_ws/install/mocap4r2_marker_viz/share/mocap4r2_marker_viz/local_setup.bash
-- Installing: /src/mocap_ws/install/mocap4r2_marker_viz/share/mocap4r2_marker_viz/local_setup.sh
-- Installing: /src/mocap_ws/install/mocap4r2_marker_viz/share/mocap4r2_marker_viz/local_setup.zsh
-- Installing: /src/mocap_ws/install/mocap4r2_marker_viz/share/mocap4r2_marker_viz/local_setup.dsv
-- Installing: /src/mocap_ws/install/mocap4r2_marker_viz/share/mocap4r2_marker_viz/package.dsv
-- Installing: /src/mocap_ws/install/mocap4r2_marker_viz/share/ament_index/resource_index/packages/mocap4r2_marker_viz
-- Installing: /src/mocap_ws/install/mocap4r2_marker_viz/share/mocap4r2_marker_viz/cmake/mocap4r2_marker_vizConfig.cmake
-- Installing: /src/mocap_ws/install/mocap4r2_marker_viz/share/mocap4r2_marker_viz/cmake/mocap4r2_marker_vizConfig-version.cmake
-- Installing: /src/mocap_ws/install/mocap4r2_marker_viz/share/mocap4r2_marker_viz/package.xml
