/src/mocap_ws/install/mocap4r2cli/lib/python3.12/site-packages/mocap4r2cli/__init__.py
/src/mocap_ws/install/mocap4r2cli/lib/python3.12/site-packages/mocap4r2cli/api/__init__.py
/src/mocap_ws/install/mocap4r2cli/lib/python3.12/site-packages/mocap4r2cli/command/mocap4r2.py
/src/mocap_ws/install/mocap4r2cli/lib/python3.12/site-packages/mocap4r2cli/command/__init__.py
/src/mocap_ws/install/mocap4r2cli/lib/python3.12/site-packages/mocap4r2cli/verb/stop.py
/src/mocap_ws/install/mocap4r2cli/lib/python3.12/site-packages/mocap4r2cli/verb/__init__.py
/src/mocap_ws/install/mocap4r2cli/lib/python3.12/site-packages/mocap4r2cli/verb/status.py
/src/mocap_ws/install/mocap4r2cli/lib/python3.12/site-packages/mocap4r2cli/verb/start.py
/src/mocap_ws/install/mocap4r2cli/lib/python3.12/site-packages/mocap4r2cli/__pycache__/__init__.cpython-312.pyc
/src/mocap_ws/install/mocap4r2cli/lib/python3.12/site-packages/mocap4r2cli/api/__pycache__/__init__.cpython-312.pyc
/src/mocap_ws/install/mocap4r2cli/lib/python3.12/site-packages/mocap4r2cli/command/__pycache__/mocap4r2.cpython-312.pyc
/src/mocap_ws/install/mocap4r2cli/lib/python3.12/site-packages/mocap4r2cli/command/__pycache__/__init__.cpython-312.pyc
/src/mocap_ws/install/mocap4r2cli/lib/python3.12/site-packages/mocap4r2cli/verb/__pycache__/stop.cpython-312.pyc
/src/mocap_ws/install/mocap4r2cli/lib/python3.12/site-packages/mocap4r2cli/verb/__pycache__/__init__.cpython-312.pyc
/src/mocap_ws/install/mocap4r2cli/lib/python3.12/site-packages/mocap4r2cli/verb/__pycache__/status.cpython-312.pyc
/src/mocap_ws/install/mocap4r2cli/lib/python3.12/site-packages/mocap4r2cli/verb/__pycache__/start.cpython-312.pyc
/src/mocap_ws/install/mocap4r2cli/share/mocap4r2cli/package.xml
/src/mocap_ws/install/mocap4r2cli/share/ament_index/resource_index/packages/mocap4r2cli
/src/mocap_ws/install/mocap4r2cli/lib/python3.12/site-packages/mocap4r2cli-0.0.1-py3.12.egg-info/top_level.txt
/src/mocap_ws/install/mocap4r2cli/lib/python3.12/site-packages/mocap4r2cli-0.0.1-py3.12.egg-info/requires.txt
/src/mocap_ws/install/mocap4r2cli/lib/python3.12/site-packages/mocap4r2cli-0.0.1-py3.12.egg-info/dependency_links.txt
/src/mocap_ws/install/mocap4r2cli/lib/python3.12/site-packages/mocap4r2cli-0.0.1-py3.12.egg-info/SOURCES.txt
/src/mocap_ws/install/mocap4r2cli/lib/python3.12/site-packages/mocap4r2cli-0.0.1-py3.12.egg-info/PKG-INFO
/src/mocap_ws/install/mocap4r2cli/lib/python3.12/site-packages/mocap4r2cli-0.0.1-py3.12.egg-info/zip-safe
/src/mocap_ws/install/mocap4r2cli/lib/python3.12/site-packages/mocap4r2cli-0.0.1-py3.12.egg-info/entry_points.txt
