-- The C compiler identification is GNU 13.3.0
-- The CXX compiler identification is GNU 13.3.0
-- Detecting C compiler ABI info
-- Detecting C compiler ABI info - done
-- Check for working C compiler: /usr/bin/cc - skipped
-- Detecting C compile features
-- Detecting C compile features - done
-- Detecting CXX compiler ABI info
-- Detecting CXX compiler ABI info - done
-- Check for working CXX compiler: /usr/bin/c++ - skipped
-- Detecting CXX compile features
-- Detecting CXX compile features - done
-- Found ament_cmake: 2.5.4 (/opt/ros/jazzy/share/ament_cmake/cmake)
-- Found Python3: /usr/bin/python3 (found version "3.12.3") found components: Interpreter 
-- Found rclcpp: 28.1.12 (/opt/ros/jazzy/share/rclcpp/cmake)
-- Found rosidl_generator_c: 4.6.6 (/opt/ros/jazzy/share/rosidl_generator_c/cmake)
-- Found rosidl_generator_cpp: 4.6.6 (/opt/ros/jazzy/share/rosidl_generator_cpp/cmake)
-- Using all available rosidl_typesupport_c: rosidl_typesupport_fastrtps_c;rosidl_typesupport_introspection_c
-- Using all available rosidl_typesupport_cpp: rosidl_typesupport_fastrtps_cpp;rosidl_typesupport_introspection_cpp
-- Found rmw_implementation_cmake: 7.3.2 (/opt/ros/jazzy/share/rmw_implementation_cmake/cmake)
-- Found rmw_fastrtps_cpp: 8.4.3 (/opt/ros/jazzy/share/rmw_fastrtps_cpp/cmake)
-- Found OpenSSL: /usr/lib/x86_64-linux-gnu/libcrypto.so (found version "3.0.13")  
-- Found FastRTPS: /opt/ros/jazzy/include (Required is at least version "2.13") 
-- Using RMW implementation 'rmw_fastrtps_cpp' as default
-- Found px4_msgs: 2.0.1 (/src/mocap_ws/install/px4_msgs/share/px4_msgs/cmake)
-- Found geometry_msgs: 5.3.6 (/opt/ros/jazzy/share/geometry_msgs/cmake)
-- Found mocap4r2_msgs: 0.0.3 (/src/mocap_ws/install/mocap4r2_msgs/share/mocap4r2_msgs/cmake)
-- Configuring done (2.3s)
-- Generating done (0.0s)
-- Build files have been written to: /src/mocap_ws/build/mocap_px4_relay
[ 25%] [32mBuilding CXX object CMakeFiles/full_state_relay.dir/src/full_state_relay.cpp.o[0m
[ 50%] [32mBuilding CXX object CMakeFiles/optitrack_px4_relay.dir/src/optitrack_to_px4_relay.cpp.o[0m
[ 75%] [32m[1mLinking CXX executable optitrack_px4_relay[0m
[ 75%] Built target optitrack_px4_relay
[100%] [32m[1mLinking CXX executable full_state_relay[0m
[100%] Built target full_state_relay
-- Install configuration: ""
-- Installing: /src/mocap_ws/install/mocap_px4_relay/share/mocap_px4_relay/launch
-- Installing: /src/mocap_ws/install/mocap_px4_relay/share/mocap_px4_relay/launch/only_full_state_relay_launch.py
-- Installing: /src/mocap_ws/install/mocap_px4_relay/share/mocap_px4_relay/launch/optitrack2_px4_relay_launch.py
-- Installing: /src/mocap_ws/install/mocap_px4_relay/share/mocap_px4_relay/config
-- Installing: /src/mocap_ws/install/mocap_px4_relay/share/mocap_px4_relay/config/optitrack2_px4_relay_params.yaml
-- Installing: /src/mocap_ws/install/mocap_px4_relay/share/mocap_px4_relay/config/vicon_px4_relay_params.yaml
-- Installing: /src/mocap_ws/install/mocap_px4_relay/lib/mocap_px4_relay/optitrack_px4_relay
-- Set non-toolchain portion of runtime path of "/src/mocap_ws/install/mocap_px4_relay/lib/mocap_px4_relay/optitrack_px4_relay" to ""
-- Installing: /src/mocap_ws/install/mocap_px4_relay/lib/mocap_px4_relay/full_state_relay
-- Set non-toolchain portion of runtime path of "/src/mocap_ws/install/mocap_px4_relay/lib/mocap_px4_relay/full_state_relay" to ""
-- Installing: /src/mocap_ws/install/mocap_px4_relay/share/ament_index/resource_index/package_run_dependencies/mocap_px4_relay
-- Installing: /src/mocap_ws/install/mocap_px4_relay/share/ament_index/resource_index/parent_prefix_path/mocap_px4_relay
-- Installing: /src/mocap_ws/install/mocap_px4_relay/share/mocap_px4_relay/environment/ament_prefix_path.sh
-- Installing: /src/mocap_ws/install/mocap_px4_relay/share/mocap_px4_relay/environment/ament_prefix_path.dsv
-- Installing: /src/mocap_ws/install/mocap_px4_relay/share/mocap_px4_relay/environment/path.sh
-- Installing: /src/mocap_ws/install/mocap_px4_relay/share/mocap_px4_relay/environment/path.dsv
-- Installing: /src/mocap_ws/install/mocap_px4_relay/share/mocap_px4_relay/local_setup.bash
-- Installing: /src/mocap_ws/install/mocap_px4_relay/share/mocap_px4_relay/local_setup.sh
-- Installing: /src/mocap_ws/install/mocap_px4_relay/share/mocap_px4_relay/local_setup.zsh
-- Installing: /src/mocap_ws/install/mocap_px4_relay/share/mocap_px4_relay/local_setup.dsv
-- Installing: /src/mocap_ws/install/mocap_px4_relay/share/mocap_px4_relay/package.dsv
-- Installing: /src/mocap_ws/install/mocap_px4_relay/share/ament_index/resource_index/packages/mocap_px4_relay
-- Installing: /src/mocap_ws/install/mocap_px4_relay/share/mocap_px4_relay/cmake/mocap_px4_relayConfig.cmake
-- Installing: /src/mocap_ws/install/mocap_px4_relay/share/mocap_px4_relay/cmake/mocap_px4_relayConfig-version.cmake
-- Installing: /src/mocap_ws/install/mocap_px4_relay/share/mocap_px4_relay/package.xml
