[0.985s] Invoking command in '/src/ros2_ws/build/basic_clean_offboard': PYTHONPATH=/src/ros2_ws/build/basic_clean_offboard/prefix_override:/usr/lib/python3/dist-packages/colcon_core/task/python/colcon_distutils_commands:/src/ros2_ws/install/basic_clean_offboard/lib/python3.10/site-packages:${PYTHONPATH} /usr/bin/python3 -W ignore:setup.py install is deprecated -W ignore:easy_install command is deprecated setup.py develop --editable --build-directory /src/ros2_ws/build/basic_clean_offboard/build --no-deps symlink_data
[1.260s] running develop
[1.398s] running egg_info
[1.398s] creating basic_clean_offboard.egg-info
[1.398s] writing basic_clean_offboard.egg-info/PKG-INFO
[1.398s] writing dependency_links to basic_clean_offboard.egg-info/dependency_links.txt
[1.399s] writing entry points to basic_clean_offboard.egg-info/entry_points.txt
[1.399s] writing requirements to basic_clean_offboard.egg-info/requires.txt
[1.399s] writing top-level names to basic_clean_offboard.egg-info/top_level.txt
[1.400s] writing manifest file 'basic_clean_offboard.egg-info/SOURCES.txt'
[1.401s] reading manifest file 'basic_clean_offboard.egg-info/SOURCES.txt'
[1.402s] writing manifest file 'basic_clean_offboard.egg-info/SOURCES.txt'
[1.403s] running build_ext
[1.404s] Creating /src/ros2_ws/install/basic_clean_offboard/lib/python3.10/site-packages/basic-clean-offboard.egg-link (link to .)
[1.404s] Installing run script to /src/ros2_ws/install/basic_clean_offboard/lib/basic_clean_offboard
[1.405s] 
[1.405s] Installed /src/ros2_ws/build/basic_clean_offboard
[1.405s] running symlink_data
[1.405s] creating /src/ros2_ws/install/basic_clean_offboard/share/ament_index
[1.406s] creating /src/ros2_ws/install/basic_clean_offboard/share/ament_index/resource_index
[1.406s] creating /src/ros2_ws/install/basic_clean_offboard/share/ament_index/resource_index/packages
[1.406s] symbolically linking /src/ros2_ws/build/basic_clean_offboard/resource/basic_clean_offboard -> /src/ros2_ws/install/basic_clean_offboard/share/ament_index/resource_index/packages
[1.406s] symbolically linking /src/ros2_ws/build/basic_clean_offboard/package.xml -> /src/ros2_ws/install/basic_clean_offboard/share/basic_clean_offboard
[1.436s] Invoked command in '/src/ros2_ws/build/basic_clean_offboard' returned '0': PYTHONPATH=/src/ros2_ws/build/basic_clean_offboard/prefix_override:/usr/lib/python3/dist-packages/colcon_core/task/python/colcon_distutils_commands:/src/ros2_ws/install/basic_clean_offboard/lib/python3.10/site-packages:${PYTHONPATH} /usr/bin/python3 -W ignore:setup.py install is deprecated -W ignore:easy_install command is deprecated setup.py develop --editable --build-directory /src/ros2_ws/build/basic_clean_offboard/build --no-deps symlink_data
