[0.037s] Invoking command in '/src/mocap_ws/build/mocap4r2_dummy_driver': AMENT_PREFIX_PATH=/src/mocap_ws/install/mocap4r2_control:/src/mocap_ws/install/mocap4r2_msgs:/src/mocap_ws/install/mocap4r2_control_msgs:${AMENT_PREFIX_PATH} CMAKE_PREFIX_PATH=/src/mocap_ws/install/mocap4r2_control:/src/mocap_ws/install/mocap4r2_msgs:/src/mocap_ws/install/mocap4r2_control_msgs:/opt/ros/jazzy/opt/gz_sim_vendor:/opt/ros/jazzy/opt/gz_sensors_vendor:/opt/ros/jazzy/opt/gz_physics_vendor:/opt/ros/jazzy/opt/sdformat_vendor:/opt/ros/jazzy/opt/gz_gui_vendor:/opt/ros/jazzy/opt/gz_transport_vendor:/opt/ros/jazzy/opt/gz_rendering_vendor:/opt/ros/jazzy/opt/gz_plugin_vendor:/opt/ros/jazzy/opt/gz_fuel_tools_vendor:/opt/ros/jazzy/opt/gz_msgs_vendor:/opt/ros/jazzy/opt/gz_common_vendor:/opt/ros/jazzy/opt/gz_math_vendor:/opt/ros/jazzy/opt/gz_utils_vendor:/opt/ros/jazzy/opt/gz_tools_vendor:/opt/ros/jazzy/opt/gz_ogre_next_vendor:/opt/ros/jazzy/opt/gz_dartsim_vendor:/opt/ros/jazzy/opt/gz_cmake_vendor:/opt/ros/jazzy LD_LIBRARY_PATH=/src/mocap_ws/install/mocap4r2_control/lib:/src/mocap_ws/install/mocap4r2_msgs/lib:/src/mocap_ws/install/mocap4r2_control_msgs/lib:${LD_LIBRARY_PATH} PYTHONPATH=/src/mocap_ws/install/mocap4r2_msgs/lib/python3.12/site-packages:/src/mocap_ws/install/mocap4r2_control_msgs/lib/python3.12/site-packages:${PYTHONPATH} /usr/bin/cmake /src/mocap_ws/src/mocap4r2/mocap4r2_dummy_driver -DCMAKE_INSTALL_PREFIX=/src/mocap_ws/install/mocap4r2_dummy_driver
[0.150s] -- The C compiler identification is GNU 13.3.0
[0.263s] -- The CXX compiler identification is GNU 13.3.0
[0.319s] -- Detecting C compiler ABI info
[0.511s] -- Detecting C compiler ABI info - done
[0.529s] -- Check for working C compiler: /usr/bin/cc - skipped
[0.529s] -- Detecting C compile features
[0.530s] -- Detecting C compile features - done
[0.544s] -- Detecting CXX compiler ABI info
[0.689s] -- Detecting CXX compiler ABI info - done
[0.705s] -- Check for working CXX compiler: /usr/bin/c++ - skipped
[0.705s] -- Detecting CXX compile features
[0.706s] -- Detecting CXX compile features - done
[0.715s] -- Found ament_cmake: 2.5.4 (/opt/ros/jazzy/share/ament_cmake/cmake)
[1.043s] -- Found Python3: /usr/bin/python3 (found version "3.12.3") found components: Interpreter 
[1.266s] -- Found rclcpp: 28.1.12 (/opt/ros/jazzy/share/rclcpp/cmake)
[1.383s] -- Found rosidl_generator_c: 4.6.6 (/opt/ros/jazzy/share/rosidl_generator_c/cmake)
[1.424s] -- Found rosidl_generator_cpp: 4.6.6 (/opt/ros/jazzy/share/rosidl_generator_cpp/cmake)
[1.469s] -- Using all available rosidl_typesupport_c: rosidl_typesupport_fastrtps_c;rosidl_typesupport_introspection_c
[1.520s] -- Using all available rosidl_typesupport_cpp: rosidl_typesupport_fastrtps_cpp;rosidl_typesupport_introspection_cpp
[1.718s] -- Found rmw_implementation_cmake: 7.3.2 (/opt/ros/jazzy/share/rmw_implementation_cmake/cmake)
[1.728s] -- Found rmw_fastrtps_cpp: 8.4.3 (/opt/ros/jazzy/share/rmw_fastrtps_cpp/cmake)
[1.969s] -- Found OpenSSL: /usr/lib/x86_64-linux-gnu/libcrypto.so (found version "3.0.13")  
[2.003s] -- Found FastRTPS: /opt/ros/jazzy/include (Required is at least version "2.13") 
[2.039s] -- Using RMW implementation 'rmw_fastrtps_cpp' as default
[2.164s] -- Found rclcpp_lifecycle: 28.1.12 (/opt/ros/jazzy/share/rclcpp_lifecycle/cmake)
[2.216s] -- Found mocap4r2_msgs: 0.0.3 (/src/mocap_ws/install/mocap4r2_msgs/share/mocap4r2_msgs/cmake)
[2.301s] -- Found mocap4r2_control: 0.0.7 (/src/mocap_ws/install/mocap4r2_control/share/mocap4r2_control/cmake)
[2.359s] -- Found ament_lint_auto: 0.17.3 (/opt/ros/jazzy/share/ament_lint_auto/cmake)
[2.558s] -- Added test 'copyright' to check source files copyright and LICENSE
[2.560s] -- Added test 'cppcheck' to perform static code analysis on C / C++ code
[2.560s] -- Configured cppcheck include dirs: /src/mocap_ws/src/mocap4r2/mocap4r2_dummy_driver/include
[2.561s] -- Configured cppcheck exclude dirs and/or files: 
[2.562s] -- Added test 'cpplint' to check C / C++ code against the Google style
[2.562s] -- Configured cpplint exclude dirs and/or files: 
[2.563s] -- Added test 'flake8' to check Python code syntax and style conventions
[2.563s] -- Configured 'flake8' exclude dirs and/or files: 
[2.564s] -- Added test 'lint_cmake' to check CMake code style
[2.565s] -- Added test 'pep257' to check Python code against some of the docstring style conventions in PEP 257
[2.567s] -- Added test 'uncrustify' to check C / C++ code style
[2.567s] -- Configured uncrustify additional arguments: 
[2.568s] -- Added test 'xmllint' to check XML markup files
[2.571s] -- Configuring done (2.5s)
[2.617s] -- Generating done (0.0s)
[2.624s] -- Build files have been written to: /src/mocap_ws/build/mocap4r2_dummy_driver
[2.638s] Invoked command in '/src/mocap_ws/build/mocap4r2_dummy_driver' returned '0': AMENT_PREFIX_PATH=/src/mocap_ws/install/mocap4r2_control:/src/mocap_ws/install/mocap4r2_msgs:/src/mocap_ws/install/mocap4r2_control_msgs:${AMENT_PREFIX_PATH} CMAKE_PREFIX_PATH=/src/mocap_ws/install/mocap4r2_control:/src/mocap_ws/install/mocap4r2_msgs:/src/mocap_ws/install/mocap4r2_control_msgs:/opt/ros/jazzy/opt/gz_sim_vendor:/opt/ros/jazzy/opt/gz_sensors_vendor:/opt/ros/jazzy/opt/gz_physics_vendor:/opt/ros/jazzy/opt/sdformat_vendor:/opt/ros/jazzy/opt/gz_gui_vendor:/opt/ros/jazzy/opt/gz_transport_vendor:/opt/ros/jazzy/opt/gz_rendering_vendor:/opt/ros/jazzy/opt/gz_plugin_vendor:/opt/ros/jazzy/opt/gz_fuel_tools_vendor:/opt/ros/jazzy/opt/gz_msgs_vendor:/opt/ros/jazzy/opt/gz_common_vendor:/opt/ros/jazzy/opt/gz_math_vendor:/opt/ros/jazzy/opt/gz_utils_vendor:/opt/ros/jazzy/opt/gz_tools_vendor:/opt/ros/jazzy/opt/gz_ogre_next_vendor:/opt/ros/jazzy/opt/gz_dartsim_vendor:/opt/ros/jazzy/opt/gz_cmake_vendor:/opt/ros/jazzy LD_LIBRARY_PATH=/src/mocap_ws/install/mocap4r2_control/lib:/src/mocap_ws/install/mocap4r2_msgs/lib:/src/mocap_ws/install/mocap4r2_control_msgs/lib:${LD_LIBRARY_PATH} PYTHONPATH=/src/mocap_ws/install/mocap4r2_msgs/lib/python3.12/site-packages:/src/mocap_ws/install/mocap4r2_control_msgs/lib/python3.12/site-packages:${PYTHONPATH} /usr/bin/cmake /src/mocap_ws/src/mocap4r2/mocap4r2_dummy_driver -DCMAKE_INSTALL_PREFIX=/src/mocap_ws/install/mocap4r2_dummy_driver
[2.639s] Invoking command in '/src/mocap_ws/build/mocap4r2_dummy_driver': AMENT_PREFIX_PATH=/src/mocap_ws/install/mocap4r2_control:/src/mocap_ws/install/mocap4r2_msgs:/src/mocap_ws/install/mocap4r2_control_msgs:${AMENT_PREFIX_PATH} CMAKE_PREFIX_PATH=/src/mocap_ws/install/mocap4r2_control:/src/mocap_ws/install/mocap4r2_msgs:/src/mocap_ws/install/mocap4r2_control_msgs:/opt/ros/jazzy/opt/gz_sim_vendor:/opt/ros/jazzy/opt/gz_sensors_vendor:/opt/ros/jazzy/opt/gz_physics_vendor:/opt/ros/jazzy/opt/sdformat_vendor:/opt/ros/jazzy/opt/gz_gui_vendor:/opt/ros/jazzy/opt/gz_transport_vendor:/opt/ros/jazzy/opt/gz_rendering_vendor:/opt/ros/jazzy/opt/gz_plugin_vendor:/opt/ros/jazzy/opt/gz_fuel_tools_vendor:/opt/ros/jazzy/opt/gz_msgs_vendor:/opt/ros/jazzy/opt/gz_common_vendor:/opt/ros/jazzy/opt/gz_math_vendor:/opt/ros/jazzy/opt/gz_utils_vendor:/opt/ros/jazzy/opt/gz_tools_vendor:/opt/ros/jazzy/opt/gz_ogre_next_vendor:/opt/ros/jazzy/opt/gz_dartsim_vendor:/opt/ros/jazzy/opt/gz_cmake_vendor:/opt/ros/jazzy LD_LIBRARY_PATH=/src/mocap_ws/install/mocap4r2_control/lib:/src/mocap_ws/install/mocap4r2_msgs/lib:/src/mocap_ws/install/mocap4r2_control_msgs/lib:${LD_LIBRARY_PATH} PYTHONPATH=/src/mocap_ws/install/mocap4r2_msgs/lib/python3.12/site-packages:/src/mocap_ws/install/mocap4r2_control_msgs/lib/python3.12/site-packages:${PYTHONPATH} /usr/bin/cmake --build /src/mocap_ws/build/mocap4r2_dummy_driver -- -j40 -l40
[2.747s] [ 25%] [32mBuilding CXX object CMakeFiles/mocap4r2_dummy_driver.dir/src/mocap4r2_dummy_driver/mocap4r2_dummy_driver.cpp.o[0m
[10.215s] [ 50%] [32m[1mLinking CXX static library libmocap4r2_dummy_driver.a[0m
[10.369s] [ 50%] Built target mocap4r2_dummy_driver
[10.420s] [ 75%] [32mBuilding CXX object CMakeFiles/mocap4r2_dummy_driver_main.dir/src/mocap4r2_dummy_driver_main.cpp.o[0m
[14.348s] [100%] [32m[1mLinking CXX executable mocap4r2_dummy_driver_main[0m
[14.828s] [100%] Built target mocap4r2_dummy_driver_main
[14.858s] Invoked command in '/src/mocap_ws/build/mocap4r2_dummy_driver' returned '0': AMENT_PREFIX_PATH=/src/mocap_ws/install/mocap4r2_control:/src/mocap_ws/install/mocap4r2_msgs:/src/mocap_ws/install/mocap4r2_control_msgs:${AMENT_PREFIX_PATH} CMAKE_PREFIX_PATH=/src/mocap_ws/install/mocap4r2_control:/src/mocap_ws/install/mocap4r2_msgs:/src/mocap_ws/install/mocap4r2_control_msgs:/opt/ros/jazzy/opt/gz_sim_vendor:/opt/ros/jazzy/opt/gz_sensors_vendor:/opt/ros/jazzy/opt/gz_physics_vendor:/opt/ros/jazzy/opt/sdformat_vendor:/opt/ros/jazzy/opt/gz_gui_vendor:/opt/ros/jazzy/opt/gz_transport_vendor:/opt/ros/jazzy/opt/gz_rendering_vendor:/opt/ros/jazzy/opt/gz_plugin_vendor:/opt/ros/jazzy/opt/gz_fuel_tools_vendor:/opt/ros/jazzy/opt/gz_msgs_vendor:/opt/ros/jazzy/opt/gz_common_vendor:/opt/ros/jazzy/opt/gz_math_vendor:/opt/ros/jazzy/opt/gz_utils_vendor:/opt/ros/jazzy/opt/gz_tools_vendor:/opt/ros/jazzy/opt/gz_ogre_next_vendor:/opt/ros/jazzy/opt/gz_dartsim_vendor:/opt/ros/jazzy/opt/gz_cmake_vendor:/opt/ros/jazzy LD_LIBRARY_PATH=/src/mocap_ws/install/mocap4r2_control/lib:/src/mocap_ws/install/mocap4r2_msgs/lib:/src/mocap_ws/install/mocap4r2_control_msgs/lib:${LD_LIBRARY_PATH} PYTHONPATH=/src/mocap_ws/install/mocap4r2_msgs/lib/python3.12/site-packages:/src/mocap_ws/install/mocap4r2_control_msgs/lib/python3.12/site-packages:${PYTHONPATH} /usr/bin/cmake --build /src/mocap_ws/build/mocap4r2_dummy_driver -- -j40 -l40
[14.861s] Invoking command in '/src/mocap_ws/build/mocap4r2_dummy_driver': AMENT_PREFIX_PATH=/src/mocap_ws/install/mocap4r2_control:/src/mocap_ws/install/mocap4r2_msgs:/src/mocap_ws/install/mocap4r2_control_msgs:${AMENT_PREFIX_PATH} CMAKE_PREFIX_PATH=/src/mocap_ws/install/mocap4r2_control:/src/mocap_ws/install/mocap4r2_msgs:/src/mocap_ws/install/mocap4r2_control_msgs:/opt/ros/jazzy/opt/gz_sim_vendor:/opt/ros/jazzy/opt/gz_sensors_vendor:/opt/ros/jazzy/opt/gz_physics_vendor:/opt/ros/jazzy/opt/sdformat_vendor:/opt/ros/jazzy/opt/gz_gui_vendor:/opt/ros/jazzy/opt/gz_transport_vendor:/opt/ros/jazzy/opt/gz_rendering_vendor:/opt/ros/jazzy/opt/gz_plugin_vendor:/opt/ros/jazzy/opt/gz_fuel_tools_vendor:/opt/ros/jazzy/opt/gz_msgs_vendor:/opt/ros/jazzy/opt/gz_common_vendor:/opt/ros/jazzy/opt/gz_math_vendor:/opt/ros/jazzy/opt/gz_utils_vendor:/opt/ros/jazzy/opt/gz_tools_vendor:/opt/ros/jazzy/opt/gz_ogre_next_vendor:/opt/ros/jazzy/opt/gz_dartsim_vendor:/opt/ros/jazzy/opt/gz_cmake_vendor:/opt/ros/jazzy LD_LIBRARY_PATH=/src/mocap_ws/install/mocap4r2_control/lib:/src/mocap_ws/install/mocap4r2_msgs/lib:/src/mocap_ws/install/mocap4r2_control_msgs/lib:${LD_LIBRARY_PATH} PYTHONPATH=/src/mocap_ws/install/mocap4r2_msgs/lib/python3.12/site-packages:/src/mocap_ws/install/mocap4r2_control_msgs/lib/python3.12/site-packages:${PYTHONPATH} /usr/bin/cmake --install /src/mocap_ws/build/mocap4r2_dummy_driver
[14.883s] -- Install configuration: ""
[14.884s] -- Installing: /src/mocap_ws/install/mocap4r2_dummy_driver/share/mocap4r2_dummy_driver/launch
[14.884s] -- Installing: /src/mocap_ws/install/mocap4r2_dummy_driver/share/mocap4r2_dummy_driver/launch/dummy.launch.py
[14.885s] -- Installing: /src/mocap_ws/install/mocap4r2_dummy_driver/lib/libmocap4r2_dummy_driver.a
[14.889s] -- Installing: /src/mocap_ws/install/mocap4r2_dummy_driver/lib/mocap4r2_dummy_driver/mocap4r2_dummy_driver_main
[14.893s] -- Set non-toolchain portion of runtime path of "/src/mocap_ws/install/mocap4r2_dummy_driver/lib/mocap4r2_dummy_driver/mocap4r2_dummy_driver_main" to ""
[14.893s] -- Installing: /src/mocap_ws/install/mocap4r2_dummy_driver/share/ament_index/resource_index/package_run_dependencies/mocap4r2_dummy_driver
[14.894s] -- Installing: /src/mocap_ws/install/mocap4r2_dummy_driver/share/ament_index/resource_index/parent_prefix_path/mocap4r2_dummy_driver
[14.894s] -- Installing: /src/mocap_ws/install/mocap4r2_dummy_driver/share/mocap4r2_dummy_driver/environment/ament_prefix_path.sh
[14.894s] -- Installing: /src/mocap_ws/install/mocap4r2_dummy_driver/share/mocap4r2_dummy_driver/environment/ament_prefix_path.dsv
[14.895s] -- Installing: /src/mocap_ws/install/mocap4r2_dummy_driver/share/mocap4r2_dummy_driver/environment/path.sh
[14.895s] -- Installing: /src/mocap_ws/install/mocap4r2_dummy_driver/share/mocap4r2_dummy_driver/environment/path.dsv
[14.896s] -- Installing: /src/mocap_ws/install/mocap4r2_dummy_driver/share/mocap4r2_dummy_driver/local_setup.bash
[14.896s] -- Installing: /src/mocap_ws/install/mocap4r2_dummy_driver/share/mocap4r2_dummy_driver/local_setup.sh
[14.898s] -- Installing: /src/mocap_ws/install/mocap4r2_dummy_driver/share/mocap4r2_dummy_driver/local_setup.zsh
[14.898s] -- Installing: /src/mocap_ws/install/mocap4r2_dummy_driver/share/mocap4r2_dummy_driver/local_setup.dsv
[14.899s] -- Installing: /src/mocap_ws/install/mocap4r2_dummy_driver/share/mocap4r2_dummy_driver/package.dsv
[14.899s] -- Installing: /src/mocap_ws/install/mocap4r2_dummy_driver/share/ament_index/resource_index/packages/mocap4r2_dummy_driver
[14.900s] -- Installing: /src/mocap_ws/install/mocap4r2_dummy_driver/share/mocap4r2_dummy_driver/cmake/ament_cmake_export_dependencies-extras.cmake
[14.901s] -- Installing: /src/mocap_ws/install/mocap4r2_dummy_driver/share/mocap4r2_dummy_driver/cmake/mocap4r2_dummy_driverConfig.cmake
[14.901s] -- Installing: /src/mocap_ws/install/mocap4r2_dummy_driver/share/mocap4r2_dummy_driver/cmake/mocap4r2_dummy_driverConfig-version.cmake
[14.902s] -- Installing: /src/mocap_ws/install/mocap4r2_dummy_driver/share/mocap4r2_dummy_driver/package.xml
[14.903s] Invoked command in '/src/mocap_ws/build/mocap4r2_dummy_driver' returned '0': AMENT_PREFIX_PATH=/src/mocap_ws/install/mocap4r2_control:/src/mocap_ws/install/mocap4r2_msgs:/src/mocap_ws/install/mocap4r2_control_msgs:${AMENT_PREFIX_PATH} CMAKE_PREFIX_PATH=/src/mocap_ws/install/mocap4r2_control:/src/mocap_ws/install/mocap4r2_msgs:/src/mocap_ws/install/mocap4r2_control_msgs:/opt/ros/jazzy/opt/gz_sim_vendor:/opt/ros/jazzy/opt/gz_sensors_vendor:/opt/ros/jazzy/opt/gz_physics_vendor:/opt/ros/jazzy/opt/sdformat_vendor:/opt/ros/jazzy/opt/gz_gui_vendor:/opt/ros/jazzy/opt/gz_transport_vendor:/opt/ros/jazzy/opt/gz_rendering_vendor:/opt/ros/jazzy/opt/gz_plugin_vendor:/opt/ros/jazzy/opt/gz_fuel_tools_vendor:/opt/ros/jazzy/opt/gz_msgs_vendor:/opt/ros/jazzy/opt/gz_common_vendor:/opt/ros/jazzy/opt/gz_math_vendor:/opt/ros/jazzy/opt/gz_utils_vendor:/opt/ros/jazzy/opt/gz_tools_vendor:/opt/ros/jazzy/opt/gz_ogre_next_vendor:/opt/ros/jazzy/opt/gz_dartsim_vendor:/opt/ros/jazzy/opt/gz_cmake_vendor:/opt/ros/jazzy LD_LIBRARY_PATH=/src/mocap_ws/install/mocap4r2_control/lib:/src/mocap_ws/install/mocap4r2_msgs/lib:/src/mocap_ws/install/mocap4r2_control_msgs/lib:${LD_LIBRARY_PATH} PYTHONPATH=/src/mocap_ws/install/mocap4r2_msgs/lib/python3.12/site-packages:/src/mocap_ws/install/mocap4r2_control_msgs/lib/python3.12/site-packages:${PYTHONPATH} /usr/bin/cmake --install /src/mocap_ws/build/mocap4r2_dummy_driver
